This is pdfeTeX, Version 3.141592-1.21a-2.2 (Web2C 7.5.4) (format=pdflatex 2009.9.30)  22 NOV 2010 21:12
entering extended mode
**les_doc.tex
(./les_doc.tex
LaTeX2e <2003/12/01>
Babel <v3.8d> and hyphenation patterns for american, french, german, ngerman, b
ahasa, basque, bulgarian, catalan, croatian, czech, danish, dutch, esperanto, e
stonian, finnish, greek, icelandic, irish, italian, latin, magyar, norsk, polis
h, portuges, romanian, russian, serbian, slovak, slovene, spanish, swedish, tur
kish, ukrainian, nohyphenation, loaded.
(/usr/share/texmf-tetex/tex/latex/base/article.cls
Document Class: article 2004/02/16 v1.4f Standard LaTeX document class
(/usr/share/texmf-tetex/tex/latex/base/size11.clo
File: size11.clo 2004/02/16 v1.4f Standard LaTeX file (size option)
)
\c@part=\count79
\c@section=\count80
\c@subsection=\count81
\c@subsubsection=\count82
\c@paragraph=\count83
\c@subparagraph=\count84
\c@figure=\count85
\c@table=\count86
\abovecaptionskip=\skip41
\belowcaptionskip=\skip42
\bibindent=\dimen102
)
(/usr/share/texmf-tetex/tex/latex/preprint/fullpage.sty
Package: fullpage 1999/02/23 1.1 (PWD)
\FP@margin=\skip43
)
(/usr/share/texmf-tetex/tex/latex/psnfss/times.sty
Package: times 2004/09/15 PSNFSS-v9.2 (SPQR) 
)
(/usr/share/texmf-tetex/tex/latex/amsmath/amsmath.sty
Package: amsmath 2000/07/18 v2.13 AMS math features
\@mathmargin=\skip44

For additional information on amsmath, use the `?' option.
(/usr/share/texmf-tetex/tex/latex/amsmath/amstext.sty
Package: amstext 2000/06/29 v2.01

(/usr/share/texmf-tetex/tex/latex/amsmath/amsgen.sty
File: amsgen.sty 1999/11/30 v2.0
\@emptytoks=\toks14
\ex@=\dimen103
))
(/usr/share/texmf-tetex/tex/latex/amsmath/amsbsy.sty
Package: amsbsy 1999/11/29 v1.2d
\pmbraise@=\dimen104
)
(/usr/share/texmf-tetex/tex/latex/amsmath/amsopn.sty
Package: amsopn 1999/12/14 v2.01 operator names
)
\inf@bad=\count87
LaTeX Info: Redefining \frac on input line 211.
\uproot@=\count88
\leftroot@=\count89
LaTeX Info: Redefining \overline on input line 307.
\classnum@=\count90
\DOTSCASE@=\count91
LaTeX Info: Redefining \ldots on input line 379.
LaTeX Info: Redefining \dots on input line 382.
LaTeX Info: Redefining \cdots on input line 467.
\Mathstrutbox@=\box26
\strutbox@=\box27
\big@size=\dimen105
LaTeX Font Info:    Redeclaring font encoding OML on input line 567.
LaTeX Font Info:    Redeclaring font encoding OMS on input line 568.
\macc@depth=\count92
\c@MaxMatrixCols=\count93
\dotsspace@=\muskip10
\c@parentequation=\count94
\dspbrk@lvl=\count95
\tag@help=\toks15
\row@=\count96
\column@=\count97
\maxfields@=\count98
\andhelp@=\toks16
\eqnshift@=\dimen106
\alignsep@=\dimen107
\tagshift@=\dimen108
\tagwidth@=\dimen109
\totwidth@=\dimen110
\lineht@=\dimen111
\@envbody=\toks17
\multlinegap=\skip45
\multlinetaggap=\skip46
\mathdisplay@stack=\toks18
LaTeX Info: Redefining \[ on input line 2666.
LaTeX Info: Redefining \] on input line 2667.
)
(/usr/share/texmf-tetex/tex/latex/graphics/graphicx.sty
Package: graphicx 1999/02/16 v1.0f Enhanced LaTeX Graphics (DPC,SPQR)

(/usr/share/texmf-tetex/tex/latex/graphics/keyval.sty
Package: keyval 1999/03/16 v1.13 key=value parser (DPC)
\KV@toks@=\toks19
)
(/usr/share/texmf-tetex/tex/latex/graphics/graphics.sty
Package: graphics 2001/07/07 v1.0n Standard LaTeX Graphics (DPC,SPQR)

(/usr/share/texmf-tetex/tex/latex/graphics/trig.sty
Package: trig 1999/03/16 v1.09 sin cos tan (DPC)
)
(/usr/share/texmf-tetex/tex/latex/graphics/graphics.cfg
File: graphics.cfg 2005/02/03 v1.3 graphics configuration of teTeX/TeXLive
)
Package graphics Info: Driver file: pdftex.def on input line 80.

(/usr/share/texmf-tetex/tex/latex/graphics/pdftex.def
File: pdftex.def 2002/06/19 v0.03k graphics/color for pdftex
\Gread@gobject=\count99
))
\Gin@req@height=\dimen112
\Gin@req@width=\dimen113
)
(/usr/share/texmf-tetex/tex/latex/tools/longtable.sty
Package: longtable 2004/02/01 v4.11 Multi-page Table package (DPC)
\LTleft=\skip47
\LTright=\skip48
\LTpre=\skip49
\LTpost=\skip50
\LTchunksize=\count100
\LTcapwidth=\dimen114
\LT@head=\box28
\LT@firsthead=\box29
\LT@foot=\box30
\LT@lastfoot=\box31
\LT@cols=\count101
\LT@rows=\count102
\c@LT@tables=\count103
\c@LT@chunks=\count104
\LT@p@ftn=\toks20
) (./ametsoc.sty
Package: ametsoc 

(/usr/share/texmf-tetex/tex/latex/natbib/natbib.sty
Package: natbib 2003/06/06 7.1 (PWD)
\bibhang=\skip51
\bibsep=\skip52
LaTeX Info: Redefining \cite on input line 518.
\c@NAT@ctr=\count105
)
(/usr/share/texmf-tetex/tex/latex/base/ifthen.sty
Package: ifthen 2001/05/26 v1.1c Standard LaTeX ifthen package (DPC)
)) (./les_doc.aux

LaTeX Warning: Label `tbl:namelist' multiply defined.


LaTeX Warning: Label `tbl:namelist' multiply defined.

)
\openout1 = `les_doc.aux'.

LaTeX Font Info:    Checking defaults for OML/cmm/m/it on input line 11.
LaTeX Font Info:    ... okay on input line 11.
LaTeX Font Info:    Checking defaults for T1/cmr/m/n on input line 11.
LaTeX Font Info:    ... okay on input line 11.
LaTeX Font Info:    Checking defaults for OT1/cmr/m/n on input line 11.
LaTeX Font Info:    ... okay on input line 11.
LaTeX Font Info:    Checking defaults for OMS/cmsy/m/n on input line 11.
LaTeX Font Info:    ... okay on input line 11.
LaTeX Font Info:    Checking defaults for OMX/cmex/m/n on input line 11.
LaTeX Font Info:    ... okay on input line 11.
LaTeX Font Info:    Checking defaults for U/cmr/m/n on input line 11.
LaTeX Font Info:    ... okay on input line 11.
LaTeX Font Info:    Try loading font information for OT1+ptm on input line 11.
 (/usr/share/texmf-tetex/tex/latex/psnfss/ot1ptm.fd
File: ot1ptm.fd 2001/06/04 font definitions for OT1/ptm.
)
(/usr/share/texmf-tetex/tex/context/base/supp-pdf.tex
(/usr/share/texmf-tetex/tex/context/base/supp-mis.tex
loading : Context Support Macros / Miscellaneous (2004.10.26)
\protectiondepth=\count106
\scratchcounter=\count107
\scratchtoks=\toks21
\scratchdimen=\dimen115
\scratchskip=\skip53
\scratchmuskip=\muskip11
\scratchbox=\box32
\scratchread=\read1
\scratchwrite=\write3
\zeropoint=\dimen116
\onepoint=\dimen117
\onebasepoint=\dimen118
\minusone=\count108
\thousandpoint=\dimen119
\onerealpoint=\dimen120
\emptytoks=\toks22
\nextbox=\box33
\nextdepth=\dimen121
\everyline=\toks23
\!!counta=\count109
\!!countb=\count110
\recursecounter=\count111
)
loading : Context Support Macros / PDF (2004.03.26)
\nofMPsegments=\count112
\nofMParguments=\count113
\MPscratchCnt=\count114
\MPscratchDim=\dimen122
\MPnumerator=\count115
\everyMPtoPDFconversion=\toks24
) [1

{/var/lib/texmf/fonts/map/pdftex/updmap/pdftex.map}]
LaTeX Font Info:    Font shape `OT1/ptm/bx/n' in size <14.4> not available
(Font)              Font shape `OT1/ptm/b/n' tried instead on input line 22.
 (./les_doc.toc
LaTeX Font Info:    Font shape `OT1/ptm/bx/n' in size <10.95> not available
(Font)              Font shape `OT1/ptm/b/n' tried instead on input line 1.
)
\tf@toc=\write4
\openout4 = `les_doc.toc'.


[2] [3] [4] [5] [6] [7] [8] <grid2.pdf, id=66, 758.835pt x 457.71pt>
File: grid2.pdf Graphic file (type pdf)

<use grid2.pdf> [9 <./grid2.pdf>]
Underfull \hbox (badness 10000) in paragraph at lines 522--548

 []

[10]
Overfull \hbox (23.99998pt too wide) in paragraph at lines 625--672
 [] 
 []

[11] [12]
Overfull \hbox (2.70734pt too wide) in alignment at lines 733--739
 [] [] [] [] 
 []


Overfull \hbox (2.70734pt too wide) in alignment at lines 739--761
 [] [] [] [] 
 []


Underfull \hbox (badness 3148) in paragraph at lines 769--771
[]|\OT1/ptm/m/n/10.95 input merid-ional wind soud-ing (max nns=150
 []


Overfull \hbox (2.70734pt too wide) in alignment at lines 761--786
 [] [] [] [] 
 []

[13]
Overfull \hbox (1.20447pt too wide) in paragraph at lines 789--789
[]|\OT1/ptm/m/n/10.95 case[]name| 
 []


Overfull \hbox (0.62396pt too wide) in paragraph at lines 809--809
[]|\OT1/ptm/m/n/10.95 ssam[]intvl| 
 []


Overfull \hbox (2.70734pt too wide) in alignment at lines 786--813
 [] [] [] [] 
 []

[14]
LaTeX Font Info:    Try loading font information for OMS+ptm on input line 825.

 (/usr/share/texmf-tetex/tex/latex/psnfss/omsptm.fd
File: omsptm.fd 
)
LaTeX Font Info:    Font shape `OMS/ptm/m/n' in size <10.95> not available
(Font)              Font shape `OMS/cmsy/m/n' tried instead on input line 825.
 [15] [16]
Overfull \hbox (2.88162pt too wide) in paragraph at lines 957--957
[]|\OT1/ptm/m/n/10.95 a[]xp,a[]xt1,a[]xt2| 
 []

[17] <rico.pdf, id=100, 721.3008pt x 469.35039pt>
File: rico.pdf Graphic file (type pdf)
 <use rico.pdf>
<cbl.pdf, id=101, 569.76064pt x 542.4275pt>
File: cbl.pdf Graphic file (type pdf)
 <use cbl.pdf>
<smoke.pdf, id=102, 721.86087pt x 334.0229pt>
File: smoke.pdf Graphic file (type pdf)
 <use smoke.pdf> [18 <./rico.pdf, page is rotated 270 degrees>] [19 <./cbl.pdf,
 page is rotated 270 degrees> <./smoke.pdf, page is rotated 270 degrees>] [20] 
(./les_doc.aux)

LaTeX Warning: There were multiply-defined labels.

 ) 
Here is how much of TeX's memory you used:
 2082 strings out of 94500
 24491 string characters out of 1175771
 89696 words of memory out of 1000000
 5226 multiletter control sequences out of 10000+50000
 29322 words of font info for 63 fonts, out of 500000 for 2000
 580 hyphenation exceptions out of 8191
 27i,12n,24p,373b,268s stack positions out of 1500i,500n,5000p,200000b,5000s
PDF statistics:
 154 PDF objects out of 300000
 0 named destinations out of 131072
 21 words of extra memory for PDF output out of 65536
</usr/share/texmf-tetex/fonts/type1/bluesky/cm/cmsy6.pfb></usr/share/texmf-te
tex/fonts/type1/bluesky/cm/cmbx10.pfb></usr/share/texmf-tetex/fonts/type1/blues
ky/cm/cmex10.pfb></usr/share/texmf-tetex/fonts/type1/bluesky/cm/cmmi6.pfb></usr
/share/texmf-tetex/fonts/type1/bluesky/cm/cmsy8.pfb></usr/share/texmf-tetex/fon
ts/type1/bluesky/cm/cmr8.pfb></usr/share/texmf-tetex/fonts/type1/bluesky/cm/cmr
10.pfb></usr/share/texmf-tetex/fonts/type1/bluesky/cm/cmsy10.pfb></usr/share/te
xmf-tetex/fonts/type1/bluesky/cm/cmmi8.pfb></usr/share/texmf-tetex/fonts/type1/
bluesky/cm/cmmi10.pfb>{/usr/share/texmf-tetex/fonts/enc/dvips/psnfss/8r.enc}</u
sr/share/texmf-tetex/fonts/type1/urw/times/utmb8a.pfb></usr/share/texmf-tetex/f
onts/type1/urw/times/utmri8a.pfb></usr/share/texmf-tetex/fonts/type1/urw/times/
utmr8a.pfb>
Output written on les_doc.pdf (20 pages, 557399 bytes).
